
Quiz Report of "Vhonn"
---------------------------------------
QUIZ# |  SCORE  |  TOTAL  |  RATING   |
---------------------------------------
|1    |      12 |      45 |   26.67%  |
|2    |       9 |      20 |   45.00%  |
|3    |      24 |      30 |   80.00%  |
|4    |      60 |     100 |   60.00%  |
|5    |      20 |      35 |   57.14%  |

Quiz Average Rating: 53.76%
Quiz Report of "Dhust"
---------------------------------------
QUIZ# |  SCORE  |  TOTAL  |  RATING   |
---------------------------------------
|1    |      12 |      15 |   80.00%  |
|2    |       9 |      24 |   37.50%  |
|3    |      24 |      30 |   80.00%  |
|4    |      60 |    1000 |    6.00%  |
|5    |      20 |     325 |    6.15%  |

Quiz Average Rating: 41.93%